<?xml version="1.0" encoding="UTF-8"?>
<!-- Generated by org.testng.reporters.JUnitXMLReporter -->
<testsuite ignored="0" hostname="DESKTOP-JI62TLU" failures="0" tests="3" name="Test" time="43.402" errors="0" timestamp="08 Jun 2019 15:48:52 GMT">
  <testcase classname="aleksgrig.ValidateTitleTest" name="validateTitle" time="7.92"/>
  <testcase classname="aleksgrig.HomePageTest" name="navigate" time="11.738"/>
  <testcase classname="aleksgrig.HomePageTest" name="navigate" time="6.599"/>
</testsuite> <!-- Test -->
