<?xml version="1.0" encoding="UTF-8"?>
<!-- Generated by org.testng.reporters.JUnitXMLReporter -->
<testsuite ignored="0" hostname="DESKTOP-JI62TLU" failures="0" tests="3" name="Test" time="62.316" errors="0" timestamp="08 Jun 2019 14:43:50 GMT">
  <testcase classname="aleksgrig.ValidateTitleTest" name="validateTitle" time="6.837"/>
  <testcase classname="aleksgrig.HomePageTest" name="navigate" time="15.146"/>
  <testcase classname="aleksgrig.HomePageTest" name="navigate" time="14.031"/>
</testsuite> <!-- Test -->
