<?xml version="1.0" encoding="UTF-8"?>
<testng-results ignored="0" total="3" passed="3" failed="0" skipped="0">
  <reporter-output>
  </reporter-output>
  <suite started-at="2019-06-08T10:09:17Z" name="Suite" finished-at="2019-06-08T10:10:05Z" duration-ms="47461">
    <groups>
    </groups>
    <test started-at="2019-06-08T10:09:17Z" name="Test" finished-at="2019-06-08T10:10:05Z" duration-ms="47461">
      <class name="aleksgrig.HomePageTest">
        <test-method is-config="true" signature="before()[pri:0, instance:aleksgrig.HomePageTest@12bd8a64]" started-at="2019-06-08T10:09:34Z" name="before" finished-at="2019-06-08T10:09:39Z" duration-ms="4542" status="PASS">
          <reporter-output>
          </reporter-output>
        </test-method> <!-- before -->
        <test-method signature="navigate(java.lang.String, java.lang.String)[pri:0, instance:aleksgrig.HomePageTest@12bd8a64]" started-at="2019-06-08T10:09:39Z" name="navigate" data-provider="getData" finished-at="2019-06-08T10:09:53Z" duration-ms="13948" status="PASS">
          <params>
            <param index="0">
              <value>
                <![CDATA[notRestrictedUser@gmail.com]]>
              </value>
            </param>
            <param index="1">
              <value>
                <![CDATA[55555]]>
              </value>
            </param>
          </params>
          <reporter-output>
          </reporter-output>
        </test-method> <!-- navigate -->
        <test-method signature="navigate(java.lang.String, java.lang.String)[pri:0, instance:aleksgrig.HomePageTest@12bd8a64]" started-at="2019-06-08T10:09:53Z" name="navigate" data-provider="getData" finished-at="2019-06-08T10:10:01Z" duration-ms="8158" status="PASS">
          <params>
            <param index="0">
              <value>
                <![CDATA[restrictedUser@gmail.com]]>
              </value>
            </param>
            <param index="1">
              <value>
                <![CDATA[4444]]>
              </value>
            </param>
          </params>
          <reporter-output>
          </reporter-output>
        </test-method> <!-- navigate -->
        <test-method is-config="true" signature="after()[pri:0, instance:aleksgrig.HomePageTest@12bd8a64]" started-at="2019-06-08T10:10:01Z" name="after" finished-at="2019-06-08T10:10:05Z" duration-ms="3914" status="PASS">
          <reporter-output>
          </reporter-output>
        </test-method> <!-- after -->
      </class> <!-- aleksgrig.HomePageTest -->
      <class name="aleksgrig.ValidateTitleTest">
        <test-method is-config="true" signature="before()[pri:0, instance:aleksgrig.ValidateTitleTest@19648c40]" started-at="2019-06-08T10:09:17Z" name="before" finished-at="2019-06-08T10:09:23Z" duration-ms="5599" status="PASS">
          <reporter-output>
          </reporter-output>
        </test-method> <!-- before -->
        <test-method signature="validateTitle()[pri:0, instance:aleksgrig.ValidateTitleTest@19648c40]" started-at="2019-06-08T10:09:23Z" name="validateTitle" finished-at="2019-06-08T10:09:31Z" duration-ms="7573" status="PASS">
          <reporter-output>
          </reporter-output>
        </test-method> <!-- validateTitle -->
        <test-method is-config="true" signature="after()[pri:0, instance:aleksgrig.ValidateTitleTest@19648c40]" started-at="2019-06-08T10:09:31Z" name="after" finished-at="2019-06-08T10:09:34Z" duration-ms="3691" status="PASS">
          <reporter-output>
          </reporter-output>
        </test-method> <!-- after -->
      </class> <!-- aleksgrig.ValidateTitleTest -->
    </test> <!-- Test -->
  </suite> <!-- Suite -->
</testng-results>
