<?xml version="1.0" encoding="UTF-8"?>
<testng-results ignored="0" total="3" passed="3" failed="0" skipped="0">
  <reporter-output>
  </reporter-output>
  <suite started-at="2019-06-08T10:38:27Z" name="Suite" finished-at="2019-06-08T10:39:15Z" duration-ms="47461">
    <groups>
    </groups>
    <test started-at="2019-06-08T10:38:27Z" name="Test" finished-at="2019-06-08T10:39:15Z" duration-ms="47461">
      <class name="aleksgrig.HomePageTest">
        <test-method is-config="true" signature="before()[pri:0, instance:aleksgrig.HomePageTest@312ab28e]" started-at="2019-06-08T10:38:44Z" name="before" finished-at="2019-06-08T10:38:49Z" duration-ms="5018" status="PASS">
          <reporter-output>
          </reporter-output>
        </test-method> <!-- before -->
        <test-method signature="navigate(java.lang.String, java.lang.String)[pri:0, instance:aleksgrig.HomePageTest@312ab28e]" started-at="2019-06-08T10:38:49Z" name="navigate" data-provider="getData" finished-at="2019-06-08T10:39:01Z" duration-ms="12193" status="PASS">
          <params>
            <param index="0">
              <value>
                <![CDATA[notRestrictedUser@gmail.com]]>
              </value>
            </param>
            <param index="1">
              <value>
                <![CDATA[55555]]>
              </value>
            </param>
          </params>
          <reporter-output>
          </reporter-output>
        </test-method> <!-- navigate -->
        <test-method signature="navigate(java.lang.String, java.lang.String)[pri:0, instance:aleksgrig.HomePageTest@312ab28e]" started-at="2019-06-08T10:39:01Z" name="navigate" data-provider="getData" finished-at="2019-06-08T10:39:11Z" duration-ms="9926" status="PASS">
          <params>
            <param index="0">
              <value>
                <![CDATA[restrictedUser@gmail.com]]>
              </value>
            </param>
            <param index="1">
              <value>
                <![CDATA[4444]]>
              </value>
            </param>
          </params>
          <reporter-output>
          </reporter-output>
        </test-method> <!-- navigate -->
        <test-method is-config="true" signature="after()[pri:0, instance:aleksgrig.HomePageTest@312ab28e]" started-at="2019-06-08T10:39:11Z" name="after" finished-at="2019-06-08T10:39:15Z" duration-ms="3830" status="PASS">
          <reporter-output>
          </reporter-output>
        </test-method> <!-- after -->
      </class> <!-- aleksgrig.HomePageTest -->
      <class name="aleksgrig.ValidateTitleTest">
        <test-method is-config="true" signature="before()[pri:0, instance:aleksgrig.ValidateTitleTest@1522d8a0]" started-at="2019-06-08T10:38:27Z" name="before" finished-at="2019-06-08T10:38:33Z" duration-ms="5980" status="PASS">
          <reporter-output>
          </reporter-output>
        </test-method> <!-- before -->
        <test-method signature="validateTitle()[pri:0, instance:aleksgrig.ValidateTitleTest@1522d8a0]" started-at="2019-06-08T10:38:33Z" name="validateTitle" finished-at="2019-06-08T10:38:40Z" duration-ms="6560" status="PASS">
          <reporter-output>
          </reporter-output>
        </test-method> <!-- validateTitle -->
        <test-method is-config="true" signature="after()[pri:0, instance:aleksgrig.ValidateTitleTest@1522d8a0]" started-at="2019-06-08T10:38:40Z" name="after" finished-at="2019-06-08T10:38:44Z" duration-ms="3898" status="PASS">
          <reporter-output>
          </reporter-output>
        </test-method> <!-- after -->
      </class> <!-- aleksgrig.ValidateTitleTest -->
    </test> <!-- Test -->
  </suite> <!-- Suite -->
</testng-results>
