<?xml version="1.0" encoding="UTF-8"?>
<testng-results ignored="0" total="3" passed="3" failed="0" skipped="0">
  <reporter-output>
  </reporter-output>
  <suite started-at="2019-06-08T14:42:47Z" name="Suite" finished-at="2019-06-08T14:43:49Z" duration-ms="62316">
    <groups>
    </groups>
    <test started-at="2019-06-08T14:42:47Z" name="Test" finished-at="2019-06-08T14:43:49Z" duration-ms="62316">
      <class name="aleksgrig.HomePageTest">
        <test-method is-config="true" signature="before()[pri:0, instance:aleksgrig.HomePageTest@5644dc81]" started-at="2019-06-08T14:43:06Z" name="before" finished-at="2019-06-08T14:43:12Z" duration-ms="6150" status="PASS">
          <reporter-output>
          </reporter-output>
        </test-method> <!-- before -->
        <test-method signature="navigate(java.lang.String, java.lang.String)[pri:0, instance:aleksgrig.HomePageTest@5644dc81]" started-at="2019-06-08T14:43:12Z" name="navigate" data-provider="getData" finished-at="2019-06-08T14:43:27Z" duration-ms="15146" status="PASS">
          <params>
            <param index="0">
              <value>
                <![CDATA[notRestrictedUser@gmail.com]]>
              </value>
            </param>
            <param index="1">
              <value>
                <![CDATA[55555]]>
              </value>
            </param>
          </params>
          <reporter-output>
          </reporter-output>
        </test-method> <!-- navigate -->
        <test-method signature="navigate(java.lang.String, java.lang.String)[pri:0, instance:aleksgrig.HomePageTest@5644dc81]" started-at="2019-06-08T14:43:27Z" name="navigate" data-provider="getData" finished-at="2019-06-08T14:43:41Z" duration-ms="14031" status="PASS">
          <params>
            <param index="0">
              <value>
                <![CDATA[restrictedUser@gmail.com]]>
              </value>
            </param>
            <param index="1">
              <value>
                <![CDATA[4444]]>
              </value>
            </param>
          </params>
          <reporter-output>
          </reporter-output>
        </test-method> <!-- navigate -->
        <test-method is-config="true" signature="after()[pri:0, instance:aleksgrig.HomePageTest@5644dc81]" started-at="2019-06-08T14:43:41Z" name="after" finished-at="2019-06-08T14:43:49Z" duration-ms="8343" status="PASS">
          <reporter-output>
          </reporter-output>
        </test-method> <!-- after -->
      </class> <!-- aleksgrig.HomePageTest -->
      <class name="aleksgrig.ValidateTitleTest">
        <test-method is-config="true" signature="before()[pri:0, instance:aleksgrig.ValidateTitleTest@312ab28e]" started-at="2019-06-08T14:42:47Z" name="before" finished-at="2019-06-08T14:42:53Z" duration-ms="6181" status="PASS">
          <reporter-output>
          </reporter-output>
        </test-method> <!-- before -->
        <test-method signature="validateTitle()[pri:0, instance:aleksgrig.ValidateTitleTest@312ab28e]" started-at="2019-06-08T14:42:53Z" name="validateTitle" finished-at="2019-06-08T14:43:00Z" duration-ms="6837" status="PASS">
          <reporter-output>
          </reporter-output>
        </test-method> <!-- validateTitle -->
        <test-method is-config="true" signature="after()[pri:0, instance:aleksgrig.ValidateTitleTest@312ab28e]" started-at="2019-06-08T14:43:00Z" name="after" finished-at="2019-06-08T14:43:06Z" duration-ms="5571" status="PASS">
          <reporter-output>
          </reporter-output>
        </test-method> <!-- after -->
      </class> <!-- aleksgrig.ValidateTitleTest -->
    </test> <!-- Test -->
  </suite> <!-- Suite -->
</testng-results>
